06-29 00:13:24 com_github_MitjaNemec_PlaceFootprints.action_place_footprints 378:Plugin executed on: 'win32'
06-29 00:13:24 com_github_MitjaNemec_PlaceFootprints.action_place_footprints 379:Plugin executed with python version: '3.9.10 (main, Apr 30 2022, 01:39:58) [MSC v.1929 64 bit (AMD64)]'
06-29 00:13:24 com_github_MitjaNemec_PlaceFootprints.action_place_footprints 380:KiCad build version: (6.0.5)
06-29 00:13:24 com_github_MitjaNemec_PlaceFootprints.action_place_footprints 381:Plugin version: 1.2.3
06-29 00:13:24 com_github_MitjaNemec_PlaceFootprints.action_place_footprints 382:Frame repr: <wx._core.Frame object at 0x000001D52D5AFF70>
06-29 00:13:24 com_github_MitjaNemec_PlaceFootprints.place_footprints 121:getting a list of all footprints on board
06-29 00:13:24 com_github_MitjaNemec_PlaceFootprints.place_footprints 148:Footprint H9 on root level
06-29 00:13:24 com_github_MitjaNemec_PlaceFootprints.place_footprints 148:Footprint H5 on root level
06-29 00:13:24 com_github_MitjaNemec_PlaceFootprints.place_footprints 148:Footprint H1 on root level
06-29 00:13:24 com_github_MitjaNemec_PlaceFootprints.place_footprints 148:Footprint H3 on root level
06-29 00:13:24 com_github_MitjaNemec_PlaceFootprints.place_footprints 148:Footprint H4 on root level
06-29 00:13:24 com_github_MitjaNemec_PlaceFootprints.place_footprints 148:Footprint H8 on root level
06-29 00:13:24 com_github_MitjaNemec_PlaceFootprints.place_footprints 148:Footprint H10 on root level
06-29 00:13:24 com_github_MitjaNemec_PlaceFootprints.place_footprints 148:Footprint H6 on root level
06-29 00:13:24 com_github_MitjaNemec_PlaceFootprints.place_footprints 148:Footprint K_14 on root level
06-29 00:13:24 com_github_MitjaNemec_PlaceFootprints.place_footprints 148:Footprint K_17 on root level
06-29 00:13:24 com_github_MitjaNemec_PlaceFootprints.place_footprints 148:Footprint K_16 on root level
06-29 00:13:24 com_github_MitjaNemec_PlaceFootprints.place_footprints 148:Footprint K_13 on root level
06-29 00:13:24 com_github_MitjaNemec_PlaceFootprints.place_footprints 148:Footprint K_15 on root level
06-29 00:13:24 com_github_MitjaNemec_PlaceFootprints.place_footprints 148:Footprint K_18 on root level
06-29 00:13:24 com_github_MitjaNemec_PlaceFootprints.place_footprints 148:Footprint K_19 on root level
06-29 00:13:24 com_github_MitjaNemec_PlaceFootprints.place_footprints 148:Footprint K_21 on root level
06-29 00:13:24 com_github_MitjaNemec_PlaceFootprints.place_footprints 148:Footprint K_23 on root level
06-29 00:13:24 com_github_MitjaNemec_PlaceFootprints.place_footprints 148:Footprint K_24 on root level
06-29 00:13:24 com_github_MitjaNemec_PlaceFootprints.place_footprints 148:Footprint K_20 on root level
06-29 00:13:24 com_github_MitjaNemec_PlaceFootprints.place_footprints 148:Footprint K_22 on root level
06-29 00:13:24 com_github_MitjaNemec_PlaceFootprints.place_footprints 148:Footprint H2 on root level
06-29 00:13:24 com_github_MitjaNemec_PlaceFootprints.place_footprints 133:Footprint G*** does not have Sheetfile property, it will not be considered for placement. Most likely it is only in layout
06-29 00:13:24 com_github_MitjaNemec_PlaceFootprints.place_footprints 148:Footprint H7 on root level
06-29 00:13:24 com_github_MitjaNemec_PlaceFootprints.place_footprints 148:Footprint H12 on root level
06-29 00:13:24 com_github_MitjaNemec_PlaceFootprints.place_footprints 148:Footprint H13 on root level
06-29 00:13:24 com_github_MitjaNemec_PlaceFootprints.place_footprints 148:Footprint H14 on root level
06-29 00:13:24 com_github_MitjaNemec_PlaceFootprints.place_footprints 148:Footprint H18 on root level
06-29 00:13:24 com_github_MitjaNemec_PlaceFootprints.place_footprints 148:Footprint H11 on root level
06-29 00:13:24 com_github_MitjaNemec_PlaceFootprints.place_footprints 148:Footprint stab1 on root level
06-29 00:13:24 com_github_MitjaNemec_PlaceFootprints.place_footprints 148:Footprint stab4 on root level
06-29 00:13:24 com_github_MitjaNemec_PlaceFootprints.place_footprints 148:Footprint stab5 on root level
06-29 00:13:24 com_github_MitjaNemec_PlaceFootprints.place_footprints 148:Footprint stab6 on root level
06-29 00:13:24 com_github_MitjaNemec_PlaceFootprints.place_footprints 148:Footprint K_48 on root level
06-29 00:13:24 com_github_MitjaNemec_PlaceFootprints.place_footprints 148:Footprint K_93 on root level
06-29 00:13:24 com_github_MitjaNemec_PlaceFootprints.place_footprints 148:Footprint K_67 on root level
06-29 00:13:24 com_github_MitjaNemec_PlaceFootprints.place_footprints 148:Footprint K_66 on root level
06-29 00:13:24 com_github_MitjaNemec_PlaceFootprints.place_footprints 148:Footprint stab9 on root level
06-29 00:13:24 com_github_MitjaNemec_PlaceFootprints.place_footprints 148:Footprint D3 on root level
06-29 00:13:24 com_github_MitjaNemec_PlaceFootprints.place_footprints 148:Footprint C20 on root level
06-29 00:13:24 com_github_MitjaNemec_PlaceFootprints.place_footprints 148:Footprint K_37 on root level
06-29 00:13:24 com_github_MitjaNemec_PlaceFootprints.place_footprints 148:Footprint K_70 on root level
06-29 00:13:24 com_github_MitjaNemec_PlaceFootprints.place_footprints 148:Footprint D5 on root level
06-29 00:13:24 com_github_MitjaNemec_PlaceFootprints.place_footprints 148:Footprint K_99 on root level
06-29 00:13:24 com_github_MitjaNemec_PlaceFootprints.place_footprints 148:Footprint stab2 on root level
06-29 00:13:24 com_github_MitjaNemec_PlaceFootprints.place_footprints 148:Footprint K_94 on root level
06-29 00:13:24 com_github_MitjaNemec_PlaceFootprints.place_footprints 148:Footprint K_59 on root level
06-29 00:13:24 com_github_MitjaNemec_PlaceFootprints.place_footprints 148:Footprint K_111 on root level
06-29 00:13:24 com_github_MitjaNemec_PlaceFootprints.place_footprints 148:Footprint K_69 on root level
06-29 00:13:24 com_github_MitjaNemec_PlaceFootprints.place_footprints 148:Footprint K_91 on root level
06-29 00:13:24 com_github_MitjaNemec_PlaceFootprints.place_footprints 148:Footprint K_43 on root level
06-29 00:13:24 com_github_MitjaNemec_PlaceFootprints.place_footprints 148:Footprint K_42 on root level
06-29 00:13:24 com_github_MitjaNemec_PlaceFootprints.place_footprints 148:Footprint K_97 on root level
06-29 00:13:24 com_github_MitjaNemec_PlaceFootprints.place_footprints 148:Footprint K_115 on root level
06-29 00:13:24 com_github_MitjaNemec_PlaceFootprints.place_footprints 148:Footprint stab7 on root level
06-29 00:13:24 com_github_MitjaNemec_PlaceFootprints.place_footprints 148:Footprint K_78 on root level
06-29 00:13:24 com_github_MitjaNemec_PlaceFootprints.place_footprints 148:Footprint H16 on root level
06-29 00:13:24 com_github_MitjaNemec_PlaceFootprints.place_footprints 148:Footprint K_84 on root level
06-29 00:13:24 com_github_MitjaNemec_PlaceFootprints.place_footprints 148:Footprint K_98 on root level
06-29 00:13:24 com_github_MitjaNemec_PlaceFootprints.place_footprints 148:Footprint K_92 on root level
06-29 00:13:24 com_github_MitjaNemec_PlaceFootprints.place_footprints 148:Footprint K_103 on root level
06-29 00:13:24 com_github_MitjaNemec_PlaceFootprints.place_footprints 148:Footprint K_51 on root level
06-29 00:13:24 com_github_MitjaNemec_PlaceFootprints.place_footprints 148:Footprint K_35 on root level
06-29 00:13:24 com_github_MitjaNemec_PlaceFootprints.place_footprints 148:Footprint K_76 on root level
06-29 00:13:24 com_github_MitjaNemec_PlaceFootprints.place_footprints 148:Footprint K_75 on root level
06-29 00:13:24 com_github_MitjaNemec_PlaceFootprints.place_footprints 148:Footprint K_82 on root level
06-29 00:13:24 com_github_MitjaNemec_PlaceFootprints.place_footprints 148:Footprint K_96 on root level
06-29 00:13:24 com_github_MitjaNemec_PlaceFootprints.place_footprints 148:Footprint K_77 on root level
06-29 00:13:24 com_github_MitjaNemec_PlaceFootprints.place_footprints 148:Footprint K_27 on root level
06-29 00:13:24 com_github_MitjaNemec_PlaceFootprints.place_footprints 148:Footprint K_57 on root level
06-29 00:13:24 com_github_MitjaNemec_PlaceFootprints.place_footprints 148:Footprint K_60 on root level
06-29 00:13:24 com_github_MitjaNemec_PlaceFootprints.place_footprints 148:Footprint D4 on root level
06-29 00:13:24 com_github_MitjaNemec_PlaceFootprints.place_footprints 148:Footprint K_100 on root level
06-29 00:13:24 com_github_MitjaNemec_PlaceFootprints.place_footprints 148:Footprint K_39 on root level
06-29 00:13:24 com_github_MitjaNemec_PlaceFootprints.place_footprints 148:Footprint K_85 on root level
06-29 00:13:24 com_github_MitjaNemec_PlaceFootprints.place_footprints 148:Footprint TP1 on root level
06-29 00:13:24 com_github_MitjaNemec_PlaceFootprints.place_footprints 148:Footprint K_71 on root level
06-29 00:13:24 com_github_MitjaNemec_PlaceFootprints.place_footprints 148:Footprint K_107 on root level
06-29 00:13:24 com_github_MitjaNemec_PlaceFootprints.place_footprints 148:Footprint K_101 on root level
06-29 00:13:24 com_github_MitjaNemec_PlaceFootprints.place_footprints 148:Footprint K_108 on root level
06-29 00:13:24 com_github_MitjaNemec_PlaceFootprints.place_footprints 148:Footprint K_55 on root level
06-29 00:13:24 com_github_MitjaNemec_PlaceFootprints.place_footprints 148:Footprint K_28 on root level
06-29 00:13:24 com_github_MitjaNemec_PlaceFootprints.place_footprints 148:Footprint K_95 on root level
06-29 00:13:24 com_github_MitjaNemec_PlaceFootprints.place_footprints 148:Footprint K_110 on root level
06-29 00:13:24 com_github_MitjaNemec_PlaceFootprints.place_footprints 148:Footprint K_54 on root level
06-29 00:13:24 com_github_MitjaNemec_PlaceFootprints.place_footprints 148:Footprint K_47 on root level
06-29 00:13:24 com_github_MitjaNemec_PlaceFootprints.place_footprints 148:Footprint K_90 on root level
06-29 00:13:24 com_github_MitjaNemec_PlaceFootprints.place_footprints 148:Footprint K_102 on root level
06-29 00:13:24 com_github_MitjaNemec_PlaceFootprints.place_footprints 148:Footprint K_114 on root level
06-29 00:13:24 com_github_MitjaNemec_PlaceFootprints.place_footprints 148:Footprint K_81 on root level
06-29 00:13:24 com_github_MitjaNemec_PlaceFootprints.place_footprints 148:Footprint K_49 on root level
06-29 00:13:24 com_github_MitjaNemec_PlaceFootprints.place_footprints 148:Footprint K_63 on root level
06-29 00:13:24 com_github_MitjaNemec_PlaceFootprints.place_footprints 148:Footprint K_87 on root level
06-29 00:13:24 com_github_MitjaNemec_PlaceFootprints.place_footprints 148:Footprint K_106 on root level
06-29 00:13:24 com_github_MitjaNemec_PlaceFootprints.place_footprints 148:Footprint K_80 on root level
06-29 00:13:24 com_github_MitjaNemec_PlaceFootprints.place_footprints 133:Footprint kibuzzard-6261CED5 does not have Sheetfile property, it will not be considered for placement. Most likely it is only in layout
06-29 00:13:24 com_github_MitjaNemec_PlaceFootprints.place_footprints 148:Footprint K_79 on root level
06-29 00:13:24 com_github_MitjaNemec_PlaceFootprints.place_footprints 148:Footprint K_41 on root level
06-29 00:13:24 com_github_MitjaNemec_PlaceFootprints.place_footprints 148:Footprint K_33 on root level
06-29 00:13:24 com_github_MitjaNemec_PlaceFootprints.place_footprints 148:Footprint K_74 on root level
06-29 00:13:24 com_github_MitjaNemec_PlaceFootprints.place_footprints 148:Footprint K_64 on root level
06-29 00:13:24 com_github_MitjaNemec_PlaceFootprints.place_footprints 148:Footprint K_72 on root level
06-29 00:13:24 com_github_MitjaNemec_PlaceFootprints.place_footprints 148:Footprint K_65 on root level
06-29 00:13:24 com_github_MitjaNemec_PlaceFootprints.place_footprints 148:Footprint K_29 on root level
06-29 00:13:24 com_github_MitjaNemec_PlaceFootprints.place_footprints 148:Footprint K_45 on root level
06-29 00:13:24 com_github_MitjaNemec_PlaceFootprints.place_footprints 148:Footprint R8 on root level
06-29 00:13:24 com_github_MitjaNemec_PlaceFootprints.place_footprints 148:Footprint K_30 on root level
06-29 00:13:24 com_github_MitjaNemec_PlaceFootprints.place_footprints 148:Footprint K_ANSI_3 on root level
06-29 00:13:24 com_github_MitjaNemec_PlaceFootprints.place_footprints 148:Footprint K_36 on root level
06-29 00:13:24 com_github_MitjaNemec_PlaceFootprints.place_footprints 133:Footprint G*** does not have Sheetfile property, it will not be considered for placement. Most likely it is only in layout
06-29 00:13:24 com_github_MitjaNemec_PlaceFootprints.place_footprints 148:Footprint C9 on root level
06-29 00:13:24 com_github_MitjaNemec_PlaceFootprints.place_footprints 148:Footprint K_ANSI_1 on root level
06-29 00:13:24 com_github_MitjaNemec_PlaceFootprints.place_footprints 148:Footprint K_12 on root level
06-29 00:13:24 com_github_MitjaNemec_PlaceFootprints.place_footprints 148:Footprint stab8 on root level
06-29 00:13:24 com_github_MitjaNemec_PlaceFootprints.place_footprints 148:Footprint K_38 on root level
06-29 00:13:24 com_github_MitjaNemec_PlaceFootprints.place_footprints 148:Footprint K_32 on root level
06-29 00:13:24 com_github_MitjaNemec_PlaceFootprints.place_footprints 148:Footprint K_31 on root level
06-29 00:13:24 com_github_MitjaNemec_PlaceFootprints.place_footprints 148:Footprint K_113 on root level
06-29 00:13:24 com_github_MitjaNemec_PlaceFootprints.place_footprints 148:Footprint K_26 on root level
06-29 00:13:24 com_github_MitjaNemec_PlaceFootprints.place_footprints 148:Footprint K_58 on root level
06-29 00:13:24 com_github_MitjaNemec_PlaceFootprints.place_footprints 148:Footprint K_44 on root level
06-29 00:13:24 com_github_MitjaNemec_PlaceFootprints.place_footprints 148:Footprint H17 on root level
06-29 00:13:24 com_github_MitjaNemec_PlaceFootprints.place_footprints 148:Footprint K_53 on root level
06-29 00:13:24 com_github_MitjaNemec_PlaceFootprints.place_footprints 148:Footprint K_73 on root level
06-29 00:13:24 com_github_MitjaNemec_PlaceFootprints.place_footprints 148:Footprint C12 on root level
06-29 00:13:24 com_github_MitjaNemec_PlaceFootprints.place_footprints 148:Footprint K_83 on root level
06-29 00:13:24 com_github_MitjaNemec_PlaceFootprints.place_footprints 148:Footprint K_68 on root level
06-29 00:13:24 com_github_MitjaNemec_PlaceFootprints.place_footprints 148:Footprint K_105 on root level
06-29 00:13:24 com_github_MitjaNemec_PlaceFootprints.place_footprints 148:Footprint stab3 on root level
06-29 00:13:24 com_github_MitjaNemec_PlaceFootprints.place_footprints 148:Footprint K_34 on root level
06-29 00:13:24 com_github_MitjaNemec_PlaceFootprints.place_footprints 148:Footprint K_88 on root level
06-29 00:13:24 com_github_MitjaNemec_PlaceFootprints.place_footprints 148:Footprint K_112 on root level
06-29 00:13:24 com_github_MitjaNemec_PlaceFootprints.place_footprints 148:Footprint R12 on root level
06-29 00:13:24 com_github_MitjaNemec_PlaceFootprints.place_footprints 148:Footprint K_116 on root level
06-29 00:13:24 com_github_MitjaNemec_PlaceFootprints.place_footprints 148:Footprint K_25 on root level
06-29 00:13:24 com_github_MitjaNemec_PlaceFootprints.place_footprints 148:Footprint K_ANSI_2 on root level
06-29 00:13:24 com_github_MitjaNemec_PlaceFootprints.place_footprints 148:Footprint K_56 on root level
06-29 00:13:24 com_github_MitjaNemec_PlaceFootprints.place_footprints 148:Footprint PWRLED1 on root level
06-29 00:13:24 com_github_MitjaNemec_PlaceFootprints.place_footprints 148:Footprint K_104 on root level
06-29 00:13:24 com_github_MitjaNemec_PlaceFootprints.place_footprints 148:Footprint K_50 on root level
06-29 00:13:24 com_github_MitjaNemec_PlaceFootprints.place_footprints 148:Footprint D2 on root level
06-29 00:13:24 com_github_MitjaNemec_PlaceFootprints.place_footprints 148:Footprint K_89 on root level
06-29 00:13:24 com_github_MitjaNemec_PlaceFootprints.place_footprints 148:Footprint K_52 on root level
06-29 00:13:24 com_github_MitjaNemec_PlaceFootprints.place_footprints 148:Footprint H15 on root level
06-29 00:13:24 com_github_MitjaNemec_PlaceFootprints.place_footprints 148:Footprint K_46 on root level
06-29 00:13:24 com_github_MitjaNemec_PlaceFootprints.place_footprints 148:Footprint K_86 on root level
06-29 00:13:24 com_github_MitjaNemec_PlaceFootprints.place_footprints 133:Footprint G*** does not have Sheetfile property, it will not be considered for placement. Most likely it is only in layout
06-29 00:13:24 com_github_MitjaNemec_PlaceFootprints.place_footprints 148:Footprint K_61 on root level
06-29 00:13:24 com_github_MitjaNemec_PlaceFootprints.place_footprints 148:Footprint K_40 on root level
06-29 00:13:24 com_github_MitjaNemec_PlaceFootprints.place_footprints 148:Footprint K_62 on root level
06-29 00:13:24 com_github_MitjaNemec_PlaceFootprints.place_footprints 148:Footprint K_109 on root level
06-29 00:13:24 com_github_MitjaNemec_PlaceFootprints.place_footprints 148:Footprint D_24 on root level
06-29 00:13:24 com_github_MitjaNemec_PlaceFootprints.place_footprints 148:Footprint D_19 on root level
06-29 00:13:24 com_github_MitjaNemec_PlaceFootprints.place_footprints 148:Footprint D_20 on root level
06-29 00:13:24 com_github_MitjaNemec_PlaceFootprints.place_footprints 148:Footprint D_17 on root level
06-29 00:13:24 com_github_MitjaNemec_PlaceFootprints.place_footprints 148:Footprint D_23 on root level
06-29 00:13:24 com_github_MitjaNemec_PlaceFootprints.place_footprints 148:Footprint D_22 on root level
06-29 00:13:24 com_github_MitjaNemec_PlaceFootprints.place_footprints 148:Footprint D_13 on root level
06-29 00:13:24 com_github_MitjaNemec_PlaceFootprints.place_footprints 148:Footprint D_21 on root level
06-29 00:13:24 com_github_MitjaNemec_PlaceFootprints.place_footprints 148:Footprint D_15 on root level
06-29 00:13:24 com_github_MitjaNemec_PlaceFootprints.place_footprints 148:Footprint D_18 on root level
06-29 00:13:24 com_github_MitjaNemec_PlaceFootprints.place_footprints 148:Footprint D_14 on root level
06-29 00:13:24 com_github_MitjaNemec_PlaceFootprints.place_footprints 148:Footprint D_16 on root level
06-29 00:13:24 com_github_MitjaNemec_PlaceFootprints.place_footprints 148:Footprint C1 on root level
06-29 00:13:24 com_github_MitjaNemec_PlaceFootprints.place_footprints 148:Footprint C2 on root level
06-29 00:13:24 com_github_MitjaNemec_PlaceFootprints.place_footprints 148:Footprint C3 on root level
06-29 00:13:24 com_github_MitjaNemec_PlaceFootprints.place_footprints 148:Footprint C4 on root level
06-29 00:13:24 com_github_MitjaNemec_PlaceFootprints.place_footprints 148:Footprint C5 on root level
06-29 00:13:24 com_github_MitjaNemec_PlaceFootprints.place_footprints 148:Footprint C6 on root level
06-29 00:13:24 com_github_MitjaNemec_PlaceFootprints.place_footprints 148:Footprint C7 on root level
06-29 00:13:24 com_github_MitjaNemec_PlaceFootprints.place_footprints 148:Footprint C10 on root level
06-29 00:13:24 com_github_MitjaNemec_PlaceFootprints.place_footprints 148:Footprint C11 on root level
06-29 00:13:24 com_github_MitjaNemec_PlaceFootprints.place_footprints 148:Footprint C14 on root level
06-29 00:13:24 com_github_MitjaNemec_PlaceFootprints.place_footprints 148:Footprint C15 on root level
06-29 00:13:24 com_github_MitjaNemec_PlaceFootprints.place_footprints 148:Footprint C16 on root level
06-29 00:13:24 com_github_MitjaNemec_PlaceFootprints.place_footprints 148:Footprint C18 on root level
06-29 00:13:24 com_github_MitjaNemec_PlaceFootprints.place_footprints 148:Footprint C19 on root level
06-29 00:13:24 com_github_MitjaNemec_PlaceFootprints.place_footprints 148:Footprint CBP1 on root level
06-29 00:13:24 com_github_MitjaNemec_PlaceFootprints.place_footprints 148:Footprint D1 on root level
06-29 00:13:24 com_github_MitjaNemec_PlaceFootprints.place_footprints 148:Footprint FLASH1 on root level
06-29 00:13:24 com_github_MitjaNemec_PlaceFootprints.place_footprints 148:Footprint J2 on root level
06-29 00:13:24 com_github_MitjaNemec_PlaceFootprints.place_footprints 148:Footprint J5 on root level
06-29 00:13:24 com_github_MitjaNemec_PlaceFootprints.place_footprints 148:Footprint R1 on root level
06-29 00:13:24 com_github_MitjaNemec_PlaceFootprints.place_footprints 148:Footprint R2 on root level
06-29 00:13:24 com_github_MitjaNemec_PlaceFootprints.place_footprints 148:Footprint R3 on root level
06-29 00:13:24 com_github_MitjaNemec_PlaceFootprints.place_footprints 148:Footprint R4 on root level
06-29 00:13:24 com_github_MitjaNemec_PlaceFootprints.place_footprints 148:Footprint R5 on root level
06-29 00:13:24 com_github_MitjaNemec_PlaceFootprints.place_footprints 148:Footprint R6 on root level
06-29 00:13:24 com_github_MitjaNemec_PlaceFootprints.place_footprints 148:Footprint R7 on root level
06-29 00:13:24 com_github_MitjaNemec_PlaceFootprints.place_footprints 148:Footprint R11 on root level
06-29 00:13:24 com_github_MitjaNemec_PlaceFootprints.place_footprints 148:Footprint RSW1 on root level
06-29 00:13:24 com_github_MitjaNemec_PlaceFootprints.place_footprints 148:Footprint U1 on root level
06-29 00:13:24 com_github_MitjaNemec_PlaceFootprints.place_footprints 148:Footprint U3 on root level
06-29 00:13:24 com_github_MitjaNemec_PlaceFootprints.place_footprints 148:Footprint Y1 on root level
06-29 00:13:24 com_github_MitjaNemec_PlaceFootprints.place_footprints 148:Footprint USB1 on root level
06-29 00:13:24 com_github_MitjaNemec_PlaceFootprints.place_footprints 148:Footprint C17 on root level
06-29 00:13:24 com_github_MitjaNemec_PlaceFootprints.place_footprints 148:Footprint D_35 on root level
06-29 00:13:24 com_github_MitjaNemec_PlaceFootprints.place_footprints 148:Footprint D_101 on root level
06-29 00:13:24 com_github_MitjaNemec_PlaceFootprints.place_footprints 148:Footprint D_70 on root level
06-29 00:13:24 com_github_MitjaNemec_PlaceFootprints.place_footprints 148:Footprint D_100 on root level
06-29 00:13:24 com_github_MitjaNemec_PlaceFootprints.place_footprints 148:Footprint D_73 on root level
06-29 00:13:24 com_github_MitjaNemec_PlaceFootprints.place_footprints 148:Footprint D_37 on root level
06-29 00:13:24 com_github_MitjaNemec_PlaceFootprints.place_footprints 148:Footprint D_105 on root level
06-29 00:13:24 com_github_MitjaNemec_PlaceFootprints.place_footprints 148:Footprint D_12 on root level
06-29 00:13:24 com_github_MitjaNemec_PlaceFootprints.place_footprints 148:Footprint D_39 on root level
06-29 00:13:24 com_github_MitjaNemec_PlaceFootprints.place_footprints 148:Footprint D_45 on root level
06-29 00:13:24 com_github_MitjaNemec_PlaceFootprints.place_footprints 148:Footprint D_79 on root level
06-29 00:13:24 com_github_MitjaNemec_PlaceFootprints.place_footprints 148:Footprint D_46 on root level
06-29 00:13:24 com_github_MitjaNemec_PlaceFootprints.place_footprints 148:Footprint D_115 on root level
06-29 00:13:24 com_github_MitjaNemec_PlaceFootprints.place_footprints 148:Footprint D_41 on root level
06-29 00:13:24 com_github_MitjaNemec_PlaceFootprints.place_footprints 148:Footprint D_93 on root level
06-29 00:13:24 com_github_MitjaNemec_PlaceFootprints.place_footprints 148:Footprint D_36 on root level
06-29 00:13:24 com_github_MitjaNemec_PlaceFootprints.place_footprints 148:Footprint D_83 on root level
06-29 00:13:24 com_github_MitjaNemec_PlaceFootprints.place_footprints 148:Footprint D_102 on root level
06-29 00:13:24 com_github_MitjaNemec_PlaceFootprints.place_footprints 148:Footprint D_65 on root level
06-29 00:13:24 com_github_MitjaNemec_PlaceFootprints.place_footprints 148:Footprint D_54 on root level
06-29 00:13:24 com_github_MitjaNemec_PlaceFootprints.place_footprints 148:Footprint D_84 on root level
06-29 00:13:24 com_github_MitjaNemec_PlaceFootprints.place_footprints 148:Footprint D_113 on root level
06-29 00:13:24 com_github_MitjaNemec_PlaceFootprints.place_footprints 148:Footprint D_57 on root level
06-29 00:13:24 com_github_MitjaNemec_PlaceFootprints.place_footprints 148:Footprint D_59 on root level
06-29 00:13:24 com_github_MitjaNemec_PlaceFootprints.place_footprints 148:Footprint D_28 on root level
06-29 00:13:24 com_github_MitjaNemec_PlaceFootprints.place_footprints 148:Footprint D_97 on root level
06-29 00:13:24 com_github_MitjaNemec_PlaceFootprints.place_footprints 148:Footprint D_50 on root level
06-29 00:13:24 com_github_MitjaNemec_PlaceFootprints.place_footprints 148:Footprint D_38 on root level
06-29 00:13:24 com_github_MitjaNemec_PlaceFootprints.place_footprints 148:Footprint D_92 on root level
06-29 00:13:24 com_github_MitjaNemec_PlaceFootprints.place_footprints 148:Footprint D_96 on root level
06-29 00:13:24 com_github_MitjaNemec_PlaceFootprints.place_footprints 148:Footprint C8 on root level
06-29 00:13:24 com_github_MitjaNemec_PlaceFootprints.place_footprints 148:Footprint D_47 on root level
06-29 00:13:24 com_github_MitjaNemec_PlaceFootprints.place_footprints 148:Footprint D_99 on root level
06-29 00:13:24 com_github_MitjaNemec_PlaceFootprints.place_footprints 148:Footprint D_95 on root level
06-29 00:13:24 com_github_MitjaNemec_PlaceFootprints.place_footprints 148:Footprint D_56 on root level
06-29 00:13:24 com_github_MitjaNemec_PlaceFootprints.place_footprints 148:Footprint D_86 on root level
06-29 00:13:24 com_github_MitjaNemec_PlaceFootprints.place_footprints 148:Footprint D_108 on root level
06-29 00:13:24 com_github_MitjaNemec_PlaceFootprints.place_footprints 148:Footprint D_80 on root level
06-29 00:13:24 com_github_MitjaNemec_PlaceFootprints.place_footprints 148:Footprint D_72 on root level
06-29 00:13:24 com_github_MitjaNemec_PlaceFootprints.place_footprints 148:Footprint D_55 on root level
06-29 00:13:24 com_github_MitjaNemec_PlaceFootprints.place_footprints 148:Footprint D_27 on root level
06-29 00:13:24 com_github_MitjaNemec_PlaceFootprints.place_footprints 148:Footprint D_33 on root level
06-29 00:13:24 com_github_MitjaNemec_PlaceFootprints.place_footprints 148:Footprint D_42 on root level
06-29 00:13:24 com_github_MitjaNemec_PlaceFootprints.place_footprints 148:Footprint D_81 on root level
06-29 00:13:24 com_github_MitjaNemec_PlaceFootprints.place_footprints 148:Footprint D_26 on root level
06-29 00:13:24 com_github_MitjaNemec_PlaceFootprints.place_footprints 148:Footprint D_ANSI_1 on root level
06-29 00:13:24 com_github_MitjaNemec_PlaceFootprints.place_footprints 148:Footprint D_74 on root level
06-29 00:13:24 com_github_MitjaNemec_PlaceFootprints.place_footprints 148:Footprint D_87 on root level
06-29 00:13:24 com_github_MitjaNemec_PlaceFootprints.place_footprints 148:Footprint D_98 on root level
06-29 00:13:24 com_github_MitjaNemec_PlaceFootprints.place_footprints 148:Footprint D_43 on root level
06-29 00:13:24 com_github_MitjaNemec_PlaceFootprints.place_footprints 148:Footprint D_31 on root level
06-29 00:13:24 com_github_MitjaNemec_PlaceFootprints.place_footprints 148:Footprint D_77 on root level
06-29 00:13:24 com_github_MitjaNemec_PlaceFootprints.place_footprints 148:Footprint D_112 on root level
06-29 00:13:24 com_github_MitjaNemec_PlaceFootprints.place_footprints 148:Footprint D_62 on root level
06-29 00:13:24 com_github_MitjaNemec_PlaceFootprints.place_footprints 148:Footprint D_61 on root level
06-29 00:13:24 com_github_MitjaNemec_PlaceFootprints.place_footprints 148:Footprint D_29 on root level
06-29 00:13:24 com_github_MitjaNemec_PlaceFootprints.place_footprints 148:Footprint D_25 on root level
06-29 00:13:24 com_github_MitjaNemec_PlaceFootprints.place_footprints 148:Footprint D_90 on root level
06-29 00:13:24 com_github_MitjaNemec_PlaceFootprints.place_footprints 148:Footprint D_91 on root level
06-29 00:13:24 com_github_MitjaNemec_PlaceFootprints.place_footprints 148:Footprint D_78 on root level
06-29 00:13:24 com_github_MitjaNemec_PlaceFootprints.place_footprints 148:Footprint D_116 on root level
06-29 00:13:24 com_github_MitjaNemec_PlaceFootprints.place_footprints 148:Footprint D_71 on root level
06-29 00:13:24 com_github_MitjaNemec_PlaceFootprints.place_footprints 148:Footprint D_82 on root level
06-29 00:13:24 com_github_MitjaNemec_PlaceFootprints.place_footprints 148:Footprint D_58 on root level
06-29 00:13:24 com_github_MitjaNemec_PlaceFootprints.place_footprints 148:Footprint D_64 on root level
06-29 00:13:24 com_github_MitjaNemec_PlaceFootprints.place_footprints 148:Footprint D_110 on root level
06-29 00:13:24 com_github_MitjaNemec_PlaceFootprints.place_footprints 148:Footprint C13 on root level
06-29 00:13:24 com_github_MitjaNemec_PlaceFootprints.place_footprints 148:Footprint D_109 on root level
06-29 00:13:24 com_github_MitjaNemec_PlaceFootprints.place_footprints 148:Footprint D_76 on root level
06-29 00:13:24 com_github_MitjaNemec_PlaceFootprints.place_footprints 148:Footprint D_114 on root level
06-29 00:13:24 com_github_MitjaNemec_PlaceFootprints.place_footprints 148:Footprint D_32 on root level
06-29 00:13:24 com_github_MitjaNemec_PlaceFootprints.place_footprints 148:Footprint D_44 on root level
06-29 00:13:24 com_github_MitjaNemec_PlaceFootprints.place_footprints 148:Footprint D_94 on root level
06-29 00:13:24 com_github_MitjaNemec_PlaceFootprints.place_footprints 148:Footprint D_63 on root level
06-29 00:13:24 com_github_MitjaNemec_PlaceFootprints.place_footprints 148:Footprint D_106 on root level
06-29 00:13:24 com_github_MitjaNemec_PlaceFootprints.place_footprints 148:Footprint D_48 on root level
06-29 00:13:24 com_github_MitjaNemec_PlaceFootprints.place_footprints 148:Footprint D_85 on root level
06-29 00:13:24 com_github_MitjaNemec_PlaceFootprints.place_footprints 148:Footprint D_68 on root level
06-29 00:13:24 com_github_MitjaNemec_PlaceFootprints.place_footprints 148:Footprint D_107 on root level
06-29 00:13:24 com_github_MitjaNemec_PlaceFootprints.place_footprints 148:Footprint D_60 on root level
06-29 00:13:24 com_github_MitjaNemec_PlaceFootprints.place_footprints 148:Footprint D_88 on root level
06-29 00:13:24 com_github_MitjaNemec_PlaceFootprints.place_footprints 148:Footprint D_34 on root level
06-29 00:13:24 com_github_MitjaNemec_PlaceFootprints.place_footprints 148:Footprint D_66 on root level
06-29 00:13:24 com_github_MitjaNemec_PlaceFootprints.place_footprints 148:Footprint D_52 on root level
06-29 00:13:24 com_github_MitjaNemec_PlaceFootprints.place_footprints 148:Footprint D_103 on root level
06-29 00:13:24 com_github_MitjaNemec_PlaceFootprints.place_footprints 148:Footprint D_75 on root level
06-29 00:13:24 com_github_MitjaNemec_PlaceFootprints.place_footprints 148:Footprint D_69 on root level
06-29 00:13:24 com_github_MitjaNemec_PlaceFootprints.place_footprints 148:Footprint D_51 on root level
06-29 00:13:24 com_github_MitjaNemec_PlaceFootprints.place_footprints 148:Footprint D_111 on root level
06-29 00:13:24 com_github_MitjaNemec_PlaceFootprints.place_footprints 148:Footprint D_53 on root level
06-29 00:13:24 com_github_MitjaNemec_PlaceFootprints.place_footprints 148:Footprint D_49 on root level
06-29 00:13:24 com_github_MitjaNemec_PlaceFootprints.place_footprints 148:Footprint D_104 on root level
06-29 00:13:24 com_github_MitjaNemec_PlaceFootprints.place_footprints 148:Footprint D_67 on root level
06-29 00:13:24 com_github_MitjaNemec_PlaceFootprints.place_footprints 148:Footprint D_89 on root level
06-29 00:13:24 com_github_MitjaNemec_PlaceFootprints.place_footprints 148:Footprint D_40 on root level
06-29 00:13:24 com_github_MitjaNemec_PlaceFootprints.place_footprints 148:Footprint D_30 on root level
06-29 00:13:25 com_github_MitjaNemec_PlaceFootprints.action_place_footprints 570:Reference designator is: H
06-29 00:13:25 com_github_MitjaNemec_PlaceFootprints.action_place_footprints 571:Reference number is: 7
06-29 00:13:25 com_github_MitjaNemec_PlaceFootprints.action_place_footprints 603:Sorted and filtered list:
['H1', 'H2', 'H3', 'H4', 'H5', 'H6', 'H7', 'H8', 'H9', 'H10', 'H11', 'H12', 'H13', 'H14', 'H15', 'H16', 'H17', 'H18']
06-29 00:13:31 com_github_MitjaNemec_PlaceFootprints.action_place_footprints 641:Footprints to place:
['H1', 'H2', 'H3', 'H4', 'H5', 'H6', 'H7', 'H8', 'H9', 'H10', 'H11', 'H12', 'H13', 'H14', 'H15', 'H16', 'H17', 'H18']
06-29 00:13:31 com_github_MitjaNemec_PlaceFootprints.place_footprints 296:Starting placing with linear layout
06-29 00:13:31 com_github_MitjaNemec_PlaceFootprints.action_place_footprints 685:Placing complete
